# JRE version: OpenJDK Runtime Environment (7.0_55-b14) (build 1.7.0_55-b14)
# Java VM: OpenJDK Server VM (24.51-b03 mixed mode linux-x86 )
Heap
 PSYoungGen      total 165632K, used 129648K [0xa8880000, 0xb2a80000, 0xb3340000)
  eden space 165376K, 78% used [0xa8880000,0xb07182a0,0xb2a00000)
  from space 256K, 6% used [0xb2a40000,0xb2a44000,0xb2a80000)
  to   space 256K, 0% used [0xb2a00000,0xb2a00000,0xb2a40000)
 ParOldGen       total 62208K, used 32007K [0x93340000, 0x97000000, 0xa8880000)
  object space 62208K, 51% used [0x93340000,0x95281dd8,0x97000000)
 PSPermGen       total 39168K, used 22116K [0x8b340000, 0x8d980000, 0x93340000)
  object space 39168K, 56% used [0x8b340000,0x8c8d9058,0x8d980000)
GC Heap History (10 events):
Event: 14873.773 GC heap before
{Heap before GC invocations=139 (full 3):
 PSYoungGen      total 164864K, used 164624K [0xa8880000, 0xb2a00000, 0xb3340000)
  eden space 164608K, 100% used [0xa8880000,0xb2940000,0xb2940000)
  from space 256K, 6% used [0xb2940000,0xb2944000,0xb2980000)
  to   space 256K, 0% used [0xb29c0000,0xb29c0000,0xb2a00000)
 ParOldGen       total 62208K, used 32007K [0x93340000, 0x97000000, 0xa8880000)
  object space 62208K, 51% used [0x93340000,0x95281dd8,0x97000000)
 PSPermGen       total 39168K, used 22105K [0x8b340000, 0x8d980000, 0x93340000)
  object space 39168K, 56% used [0x8b340000,0x8c8d6568,0x8d980000)
Event: 14873.775 GC heap after
Heap after GC invocations=139 (full 3):
 PSYoungGen      total 165120K, used 48K [0xa8880000, 0xb2a00000, 0xb3340000)
  eden space 164864K, 0% used [0xa8880000,0xa8880000,0xb2980000)
  from space 256K, 18% used [0xb29c0000,0xb29cc000,0xb2a00000)
  to   space 256K, 0% used [0xb2980000,0xb2980000,0xb29c0000)
 ParOldGen       total 62208K, used 32007K [0x93340000, 0x97000000, 0xa8880000)
  object space 62208K, 51% used [0x93340000,0x95281dd8,0x97000000)
 PSPermGen       total 39168K, used 22105K [0x8b340000, 0x8d980000, 0x93340000)
  object space 39168K, 56% used [0x8b340000,0x8c8d6568,0x8d980000)
}
Event: 15074.915 GC heap before
{Heap before GC invocations=140 (full 3):
 PSYoungGen      total 165120K, used 164912K [0xa8880000, 0xb2a00000, 0xb3340000)
  eden space 164864K, 100% used [0xa8880000,0xb2980000,0xb2980000)
  from space 256K, 18% used [0xb29c0000,0xb29cc000,0xb2a00000)
  to   space 256K, 0% used [0xb2980000,0xb2980000,0xb29c0000)
 ParOldGen       total 62208K, used 32007K [0x93340000, 0x97000000, 0xa8880000)
  object space 62208K, 51% used [0x93340000,0x95281dd8,0x97000000)
 PSPermGen       total 39168K, used 22105K [0x8b340000, 0x8d980000, 0x93340000)
  object space 39168K, 56% used [0x8b340000,0x8c8d6568,0x8d980000)
Event: 15074.917 GC heap after
Heap after GC invocations=140 (full 3):
 PSYoungGen      total 165120K, used 32K [0xa8880000, 0xb2a40000, 0xb3340000)
  eden space 164864K, 0% used [0xa8880000,0xa8880000,0xb2980000)
  from space 256K, 12% used [0xb2980000,0xb2988000,0xb29c0000)
  to   space 256K, 0% used [0xb2a00000,0xb2a00000,0xb2a40000)
 ParOldGen       total 62208K, used 32007K [0x93340000, 0x97000000, 0xa8880000)
  object space 62208K, 51% used [0x93340000,0x95281dd8,0x97000000)
 PSPermGen       total 39168K, used 22105K [0x8b340000, 0x8d980000, 0x93340000)
  object space 39168K, 56% used [0x8b340000,0x8c8d6568,0x8d980000)
}
Event: 15276.002 GC heap before
{Heap before GC invocations=141 (full 3):
 PSYoungGen      total 165120K, used 164896K [0xa8880000, 0xb2a40000, 0xb3340000)
  eden space 164864K, 100% used [0xa8880000,0xb2980000,0xb2980000)
  from space 256K, 12% used [0xb2980000,0xb2988000,0xb29c0000)
  to   space 256K, 0% used [0xb2a00000,0xb2a00000,0xb2a40000)
 ParOldGen       total 62208K, used 32007K [0x93340000, 0x97000000, 0xa8880000)
  object space 62208K, 51% used [0x93340000,0x95281dd8,0x97000000)
 PSPermGen       total 39168K, used 22105K [0x8b340000, 0x8d980000, 0x93340000)
  object space 39168K, 56% used [0x8b340000,0x8c8d6568,0x8d980000)
Event: 15276.004 GC heap after
Heap after GC invocations=141 (full 3):
 PSYoungGen      total 165376K, used 32K [0xa8880000, 0xb2a40000, 0xb3340000)
  eden space 165120K, 0% used [0xa8880000,0xa8880000,0xb29c0000)
  from space 256K, 12% used [0xb2a00000,0xb2a08000,0xb2a40000)
  to   space 256K, 0% used [0xb29c0000,0xb29c0000,0xb2a00000)
 ParOldGen       total 62208K, used 32007K [0x93340000, 0x97000000, 0xa8880000)
  object space 62208K, 51% used [0x93340000,0x95281dd8,0x97000000)
 PSPermGen       total 39168K, used 22105K [0x8b340000, 0x8d980000, 0x93340000)
  object space 39168K, 56% used [0x8b340000,0x8c8d6568,0x8d980000)
}
Event: 15477.383 GC heap before
{Heap before GC invocations=142 (full 3):
 PSYoungGen      total 165376K, used 165152K [0xa8880000, 0xb2a40000, 0xb3340000)
  eden space 165120K, 100% used [0xa8880000,0xb29c0000,0xb29c0000)
  from space 256K, 12% used [0xb2a00000,0xb2a08000,0xb2a40000)
  to   space 256K, 0% used [0xb29c0000,0xb29c0000,0xb2a00000)
 ParOldGen       total 62208K, used 32007K [0x93340000, 0x97000000, 0xa8880000)
  object space 62208K, 51% used [0x93340000,0x95281dd8,0x97000000)
 PSPermGen       total 39168K, used 22105K [0x8b340000, 0x8d980000, 0x93340000)
  object space 39168K, 56% used [0x8b340000,0x8c8d6568,0x8d980000)
Event: 15477.385 GC heap after
Heap after GC invocations=142 (full 3):
 PSYoungGen      total 165376K, used 32K [0xa8880000, 0xb2a80000, 0xb3340000)
  eden space 165120K, 0% used [0xa8880000,0xa8880000,0xb29c0000)
  from space 256K, 12% used [0xb29c0000,0xb29c8000,0xb2a00000)
  to   space 256K, 0% used [0xb2a40000,0xb2a40000,0xb2a80000)
 ParOldGen       total 62208K, used 32007K [0x93340000, 0x97000000, 0xa8880000)
  object space 62208K, 51% used [0x93340000,0x95281dd8,0x97000000)
 PSPermGen       total 39168K, used 22105K [0x8b340000, 0x8d980000, 0x93340000)
  object space 39168K, 56% used [0x8b340000,0x8c8d6568,0x8d980000)
}
Event: 15678.806 GC heap before
{Heap before GC invocations=143 (full 3):
 PSYoungGen      total 165376K, used 165152K [0xa8880000, 0xb2a80000, 0xb3340000)
  eden space 165120K, 100% used [0xa8880000,0xb29c0000,0xb29c0000)
  from space 256K, 12% used [0xb29c0000,0xb29c8000,0xb2a00000)
  to   space 256K, 0% used [0xb2a40000,0xb2a40000,0xb2a80000)
 ParOldGen       total 62208K, used 32007K [0x93340000, 0x97000000, 0xa8880000)
  object space 62208K, 51% used [0x93340000,0x95281dd8,0x97000000)
 PSPermGen       total 39168K, used 22105K [0x8b340000, 0x8d980000, 0x93340000)
  object space 39168K, 56% used [0x8b340000,0x8c8d6568,0x8d980000)
Event: 15678.808 GC heap after
Heap after GC invocations=143 (full 3):
 PSYoungGen      total 165632K, used 16K [0xa8880000, 0xb2a80000, 0xb3340000)
  eden space 165376K, 0% used [0xa8880000,0xa8880000,0xb2a00000)
  from space 256K, 6% used [0xb2a40000,0xb2a44000,0xb2a80000)
  to   space 256K, 0% used [0xb2a00000,0xb2a00000,0xb2a40000)
 ParOldGen       total 62208K, used 32007K [0x93340000, 0x97000000, 0xa8880000)
  object space 62208K, 51% used [0x93340000,0x95281dd8,0x97000000)
 PSPermGen       total 39168K, used 22105K [0x8b340000, 0x8d980000, 0x93340000)
  object space 39168K, 56% used [0x8b340000,0x8c8d6568,0x8d980000)
}

