# JRE version: OpenJDK Runtime Environment (7.0_55-b14) (build 1.7.0_55-b14)
# Java VM: OpenJDK Server VM (24.51-b03 mixed mode linux-x86 )
Heap
 PSYoungGen      total 118528K, used 14234K [0xa8780000, 0xafbc0000, 0xb3240000)
  eden space 118272K, 12% used [0xa8780000,0xa9562bb0,0xafb00000)
  from space 256K, 6% used [0xafb00000,0xafb04000,0xafb40000)
  to   space 256K, 0% used [0xafb80000,0xafb80000,0xafbc0000)
 ParOldGen       total 99072K, used 76088K [0x93240000, 0x99300000, 0xa8780000)
  object space 99072K, 76% used [0x93240000,0x97c8e238,0x99300000)
 PSPermGen       total 34816K, used 21648K [0x8b240000, 0x8d440000, 0x93240000)
  object space 34816K, 62% used [0x8b240000,0x8c764230,0x8d440000)
GC Heap History (10 events):
Event: 19802.089 GC heap before
{Heap before GC invocations=255 (full 6):
 PSYoungGen      total 118016K, used 117776K [0xa8780000, 0xafb00000, 0xb3240000)
  eden space 117760K, 100% used [0xa8780000,0xafa80000,0xafa80000)
  from space 256K, 6% used [0xafac0000,0xafac4000,0xafb00000)
  to   space 256K, 0% used [0xafa80000,0xafa80000,0xafac0000)
 ParOldGen       total 99072K, used 76088K [0x93240000, 0x99300000, 0xa8780000)
  object space 99072K, 76% used [0x93240000,0x97c8e238,0x99300000)
 PSPermGen       total 34816K, used 21639K [0x8b240000, 0x8d440000, 0x93240000)
  object space 34816K, 62% used [0x8b240000,0x8c761e78,0x8d440000)
Event: 19802.092 GC heap after
Heap after GC invocations=255 (full 6):
 PSYoungGen      total 118016K, used 16K [0xa8780000, 0xafb40000, 0xb3240000)
  eden space 117760K, 0% used [0xa8780000,0xa8780000,0xafa80000)
  from space 256K, 6% used [0xafa80000,0xafa84000,0xafac0000)
  to   space 256K, 0% used [0xafb00000,0xafb00000,0xafb40000)
 ParOldGen       total 99072K, used 76088K [0x93240000, 0x99300000, 0xa8780000)
  object space 99072K, 76% used [0x93240000,0x97c8e238,0x99300000)
 PSPermGen       total 34816K, used 21639K [0x8b240000, 0x8d440000, 0x93240000)
  object space 34816K, 62% used [0x8b240000,0x8c761e78,0x8d440000)
}
Event: 19945.907 GC heap before
{Heap before GC invocations=256 (full 6):
 PSYoungGen      total 118016K, used 117776K [0xa8780000, 0xafb40000, 0xb3240000)
  eden space 117760K, 100% used [0xa8780000,0xafa80000,0xafa80000)
  from space 256K, 6% used [0xafa80000,0xafa84000,0xafac0000)
  to   space 256K, 0% used [0xafb00000,0xafb00000,0xafb40000)
 ParOldGen       total 99072K, used 76088K [0x93240000, 0x99300000, 0xa8780000)
  object space 99072K, 76% used [0x93240000,0x97c8e238,0x99300000)
 PSPermGen       total 34816K, used 21639K [0x8b240000, 0x8d440000, 0x93240000)
  object space 34816K, 62% used [0x8b240000,0x8c761e78,0x8d440000)
Event: 19945.909 GC heap after
Heap after GC invocations=256 (full 6):
 PSYoungGen      total 118272K, used 32K [0xa8780000, 0xafb40000, 0xb3240000)
  eden space 118016K, 0% used [0xa8780000,0xa8780000,0xafac0000)
  from space 256K, 12% used [0xafb00000,0xafb08000,0xafb40000)
  to   space 256K, 0% used [0xafac0000,0xafac0000,0xafb00000)
 ParOldGen       total 99072K, used 76088K [0x93240000, 0x99300000, 0xa8780000)
  object space 99072K, 76% used [0x93240000,0x97c8e238,0x99300000)
 PSPermGen       total 34816K, used 21639K [0x8b240000, 0x8d440000, 0x93240000)
  object space 34816K, 62% used [0x8b240000,0x8c761e78,0x8d440000)
}
Event: 20090.038 GC heap before
{Heap before GC invocations=257 (full 6):
 PSYoungGen      total 118272K, used 118048K [0xa8780000, 0xafb40000, 0xb3240000)
  eden space 118016K, 100% used [0xa8780000,0xafac0000,0xafac0000)
  from space 256K, 12% used [0xafb00000,0xafb08000,0xafb40000)
  to   space 256K, 0% used [0xafac0000,0xafac0000,0xafb00000)
 ParOldGen       total 99072K, used 76088K [0x93240000, 0x99300000, 0xa8780000)
  object space 99072K, 76% used [0x93240000,0x97c8e238,0x99300000)
 PSPermGen       total 34816K, used 21639K [0x8b240000, 0x8d440000, 0x93240000)
  object space 34816K, 62% used [0x8b240000,0x8c761e78,0x8d440000)
Event: 20090.041 GC heap after
Heap after GC invocations=257 (full 6):
 PSYoungGen      total 118272K, used 48K [0xa8780000, 0xafb80000, 0xb3240000)
  eden space 118016K, 0% used [0xa8780000,0xa8780000,0xafac0000)
  from space 256K, 18% used [0xafac0000,0xafacc000,0xafb00000)
  to   space 256K, 0% used [0xafb40000,0xafb40000,0xafb80000)
 ParOldGen       total 99072K, used 76088K [0x93240000, 0x99300000, 0xa8780000)
  object space 99072K, 76% used [0x93240000,0x97c8e238,0x99300000)
 PSPermGen       total 34816K, used 21639K [0x8b240000, 0x8d440000, 0x93240000)
  object space 34816K, 62% used [0x8b240000,0x8c761e78,0x8d440000)
}
Event: 20234.219 GC heap before
{Heap before GC invocations=258 (full 6):
 PSYoungGen      total 118272K, used 118064K [0xa8780000, 0xafb80000, 0xb3240000)
  eden space 118016K, 100% used [0xa8780000,0xafac0000,0xafac0000)
  from space 256K, 18% used [0xafac0000,0xafacc000,0xafb00000)
  to   space 256K, 0% used [0xafb40000,0xafb40000,0xafb80000)
 ParOldGen       total 99072K, used 76088K [0x93240000, 0x99300000, 0xa8780000)
  object space 99072K, 76% used [0x93240000,0x97c8e238,0x99300000)
 PSPermGen       total 34816K, used 21639K [0x8b240000, 0x8d440000, 0x93240000)
  object space 34816K, 62% used [0x8b240000,0x8c761e78,0x8d440000)
Event: 20234.221 GC heap after
Heap after GC invocations=258 (full 6):
 PSYoungGen      total 118528K, used 32K [0xa8780000, 0xafb80000, 0xb3240000)
  eden space 118272K, 0% used [0xa8780000,0xa8780000,0xafb00000)
  from space 256K, 12% used [0xafb40000,0xafb48000,0xafb80000)
  to   space 256K, 0% used [0xafb00000,0xafb00000,0xafb40000)
 ParOldGen       total 99072K, used 76088K [0x93240000, 0x99300000, 0xa8780000)
  object space 99072K, 76% used [0x93240000,0x97c8e238,0x99300000)
 PSPermGen       total 34816K, used 21639K [0x8b240000, 0x8d440000, 0x93240000)
  object space 34816K, 62% used [0x8b240000,0x8c761e78,0x8d440000)
}
Event: 20378.631 GC heap before
{Heap before GC invocations=259 (full 6):
 PSYoungGen      total 118528K, used 118304K [0xa8780000, 0xafb80000, 0xb3240000)
  eden space 118272K, 100% used [0xa8780000,0xafb00000,0xafb00000)
  from space 256K, 12% used [0xafb40000,0xafb48000,0xafb80000)
  to   space 256K, 0% used [0xafb00000,0xafb00000,0xafb40000)
 ParOldGen       total 99072K, used 76088K [0x93240000, 0x99300000, 0xa8780000)
  object space 99072K, 76% used [0x93240000,0x97c8e238,0x99300000)
 PSPermGen       total 34816K, used 21639K [0x8b240000, 0x8d440000, 0x93240000)
  object space 34816K, 62% used [0x8b240000,0x8c761e78,0x8d440000)
Event: 20378.635 GC heap after
Heap after GC invocations=259 (full 6):
 PSYoungGen      total 118528K, used 16K [0xa8780000, 0xafbc0000, 0xb3240000)
  eden space 118272K, 0% used [0xa8780000,0xa8780000,0xafb00000)
  from space 256K, 6% used [0xafb00000,0xafb04000,0xafb40000)
  to   space 256K, 0% used [0xafb80000,0xafb80000,0xafbc0000)
 ParOldGen       total 99072K, used 76088K [0x93240000, 0x99300000, 0xa8780000)
  object space 99072K, 76% used [0x93240000,0x97c8e238,0x99300000)
 PSPermGen       total 34816K, used 21639K [0x8b240000, 0x8d440000, 0x93240000)
  object space 34816K, 62% used [0x8b240000,0x8c761e78,0x8d440000)
}

