# JRE version: OpenJDK Runtime Environment (7.0_55-b14) (build 1.7.0_55-b14)
# Java VM: OpenJDK Server VM (24.51-b03 mixed mode linux-x86 )
Heap
 PSYoungGen      total 13312K, used 1886K [0xa8800000, 0xb22c0000, 0xb32c0000)
  eden space 13056K, 14% used [0xa8800000,0xa89cbbd8,0xa94c0000)
  from space 256K, 18% used [0xb2280000,0xb228c000,0xb22c0000)
  to   space 256K, 0% used [0xb2240000,0xb2240000,0xb2280000)
 ParOldGen       total 50176K, used 39653K [0x932c0000, 0x963c0000, 0xa8800000)
  object space 50176K, 79% used [0x932c0000,0x95979730,0x963c0000)
 PSPermGen       total 37888K, used 28559K [0x8b2c0000, 0x8d7c0000, 0x932c0000)
  object space 37888K, 75% used [0x8b2c0000,0x8cea3db0,0x8d7c0000)
GC Heap History (10 events):
Event: 49800.781 GC heap before
{Heap before GC invocations=2916 (full 2):
 PSYoungGen      total 12544K, used 12304K [0xa8800000, 0xb22c0000, 0xb32c0000)
  eden space 12288K, 100% used [0xa8800000,0xa9400000,0xa9400000)
  from space 256K, 6% used [0xb2240000,0xb2244000,0xb2280000)
  to   space 256K, 0% used [0xb2280000,0xb2280000,0xb22c0000)
 ParOldGen       total 50176K, used 39653K [0x932c0000, 0x963c0000, 0xa8800000)
  object space 50176K, 79% used [0x932c0000,0x95979730,0x963c0000)
 PSPermGen       total 37888K, used 28552K [0x8b2c0000, 0x8d7c0000, 0x932c0000)
  object space 37888K, 75% used [0x8b2c0000,0x8cea2100,0x8d7c0000)
Event: 49800.784 GC heap after
Heap after GC invocations=2916 (full 2):
 PSYoungGen      total 12544K, used 32K [0xa8800000, 0xb22c0000, 0xb32c0000)
  eden space 12288K, 0% used [0xa8800000,0xa8800000,0xa9400000)
  from space 256K, 12% used [0xb2280000,0xb2288000,0xb22c0000)
  to   space 256K, 0% used [0xb2240000,0xb2240000,0xb2280000)
 ParOldGen       total 50176K, used 39653K [0x932c0000, 0x963c0000, 0xa8800000)
  object space 50176K, 79% used [0x932c0000,0x95979730,0x963c0000)
 PSPermGen       total 37888K, used 28552K [0x8b2c0000, 0x8d7c0000, 0x932c0000)
  object space 37888K, 75% used [0x8b2c0000,0x8cea2100,0x8d7c0000)
}
Event: 49815.769 GC heap before
{Heap before GC invocations=2917 (full 2):
 PSYoungGen      total 12544K, used 12320K [0xa8800000, 0xb22c0000, 0xb32c0000)
  eden space 12288K, 100% used [0xa8800000,0xa9400000,0xa9400000)
  from space 256K, 12% used [0xb2280000,0xb2288000,0xb22c0000)
  to   space 256K, 0% used [0xb2240000,0xb2240000,0xb2280000)
 ParOldGen       total 50176K, used 39653K [0x932c0000, 0x963c0000, 0xa8800000)
  object space 50176K, 79% used [0x932c0000,0x95979730,0x963c0000)
 PSPermGen       total 37888K, used 28552K [0x8b2c0000, 0x8d7c0000, 0x932c0000)
  object space 37888K, 75% used [0x8b2c0000,0x8cea2100,0x8d7c0000)
Event: 49815.773 GC heap after
Heap after GC invocations=2917 (full 2):
 PSYoungGen      total 12544K, used 16K [0xa8800000, 0xb22c0000, 0xb32c0000)
  eden space 12288K, 0% used [0xa8800000,0xa8800000,0xa9400000)
  from space 256K, 6% used [0xb2240000,0xb2244000,0xb2280000)
  to   space 256K, 0% used [0xb2280000,0xb2280000,0xb22c0000)
 ParOldGen       total 50176K, used 39653K [0x932c0000, 0x963c0000, 0xa8800000)
  object space 50176K, 79% used [0x932c0000,0x95979730,0x963c0000)
 PSPermGen       total 37888K, used 28552K [0x8b2c0000, 0x8d7c0000, 0x932c0000)
  object space 37888K, 75% used [0x8b2c0000,0x8cea2100,0x8d7c0000)
}
Event: 49830.803 GC heap before
{Heap before GC invocations=2918 (full 2):
 PSYoungGen      total 12544K, used 12304K [0xa8800000, 0xb22c0000, 0xb32c0000)
  eden space 12288K, 100% used [0xa8800000,0xa9400000,0xa9400000)
  from space 256K, 6% used [0xb2240000,0xb2244000,0xb2280000)
  to   space 256K, 0% used [0xb2280000,0xb2280000,0xb22c0000)
 ParOldGen       total 50176K, used 39653K [0x932c0000, 0x963c0000, 0xa8800000)
  object space 50176K, 79% used [0x932c0000,0x95979730,0x963c0000)
 PSPermGen       total 37888K, used 28552K [0x8b2c0000, 0x8d7c0000, 0x932c0000)
  object space 37888K, 75% used [0x8b2c0000,0x8cea2100,0x8d7c0000)
Event: 49830.806 GC heap after
Heap after GC invocations=2918 (full 2):
 PSYoungGen      total 12544K, used 64K [0xa8800000, 0xb22c0000, 0xb32c0000)
  eden space 12288K, 0% used [0xa8800000,0xa8800000,0xa9400000)
  from space 256K, 25% used [0xb2280000,0xb2290000,0xb22c0000)
  to   space 256K, 0% used [0xb2240000,0xb2240000,0xb2280000)
 ParOldGen       total 50176K, used 39653K [0x932c0000, 0x963c0000, 0xa8800000)
  object space 50176K, 79% used [0x932c0000,0x95979730,0x963c0000)
 PSPermGen       total 37888K, used 28552K [0x8b2c0000, 0x8d7c0000, 0x932c0000)
  object space 37888K, 75% used [0x8b2c0000,0x8cea2100,0x8d7c0000)
}
Event: 49845.782 GC heap before
{Heap before GC invocations=2919 (full 2):
 PSYoungGen      total 12544K, used 12352K [0xa8800000, 0xb22c0000, 0xb32c0000)
  eden space 12288K, 100% used [0xa8800000,0xa9400000,0xa9400000)
  from space 256K, 25% used [0xb2280000,0xb2290000,0xb22c0000)
  to   space 256K, 0% used [0xb2240000,0xb2240000,0xb2280000)
 ParOldGen       total 50176K, used 39653K [0x932c0000, 0x963c0000, 0xa8800000)
  object space 50176K, 79% used [0x932c0000,0x95979730,0x963c0000)
 PSPermGen       total 37888K, used 28552K [0x8b2c0000, 0x8d7c0000, 0x932c0000)
  object space 37888K, 75% used [0x8b2c0000,0x8cea2100,0x8d7c0000)
Event: 49845.786 GC heap after
Heap after GC invocations=2919 (full 2):
 PSYoungGen      total 12544K, used 16K [0xa8800000, 0xb22c0000, 0xb32c0000)
  eden space 12288K, 0% used [0xa8800000,0xa8800000,0xa9400000)
  from space 256K, 6% used [0xb2240000,0xb2244000,0xb2280000)
  to   space 256K, 0% used [0xb2280000,0xb2280000,0xb22c0000)
 ParOldGen       total 50176K, used 39653K [0x932c0000, 0x963c0000, 0xa8800000)
  object space 50176K, 79% used [0x932c0000,0x95979730,0x963c0000)
 PSPermGen       total 37888K, used 28552K [0x8b2c0000, 0x8d7c0000, 0x932c0000)
  object space 37888K, 75% used [0x8b2c0000,0x8cea2100,0x8d7c0000)
}
Event: 49861.122 GC heap before
{Heap before GC invocations=2920 (full 2):
 PSYoungGen      total 12544K, used 12304K [0xa8800000, 0xb22c0000, 0xb32c0000)
  eden space 12288K, 100% used [0xa8800000,0xa9400000,0xa9400000)
  from space 256K, 6% used [0xb2240000,0xb2244000,0xb2280000)
  to   space 256K, 0% used [0xb2280000,0xb2280000,0xb22c0000)
 ParOldGen       total 50176K, used 39653K [0x932c0000, 0x963c0000, 0xa8800000)
  object space 50176K, 79% used [0x932c0000,0x95979730,0x963c0000)
 PSPermGen       total 37888K, used 28558K [0x8b2c0000, 0x8d7c0000, 0x932c0000)
  object space 37888K, 75% used [0x8b2c0000,0x8cea3958,0x8d7c0000)
Event: 49862.087 GC heap after
Heap after GC invocations=2920 (full 2):
 PSYoungGen      total 13312K, used 48K [0xa8800000, 0xb22c0000, 0xb32c0000)
  eden space 13056K, 0% used [0xa8800000,0xa8800000,0xa94c0000)
  from space 256K, 18% used [0xb2280000,0xb228c000,0xb22c0000)
  to   space 256K, 0% used [0xb2240000,0xb2240000,0xb2280000)
 ParOldGen       total 50176K, used 39653K [0x932c0000, 0x963c0000, 0xa8800000)
  object space 50176K, 79% used [0x932c0000,0x95979730,0x963c0000)
 PSPermGen       total 37888K, used 28558K [0x8b2c0000, 0x8d7c0000, 0x932c0000)
  object space 37888K, 75% used [0x8b2c0000,0x8cea3958,0x8d7c0000)
}

