# JRE version: OpenJDK Runtime Environment (7.0_55-b14) (build 1.7.0_55-b14)
# Java VM: OpenJDK Server VM (24.51-b03 mixed mode linux-x86 )
Heap
 PSYoungGen      total 139264K, used 8387K [0xa8800000, 0xb1080000, 0xb32c0000)
  eden space 139008K, 6% used [0xa8800000,0xa9028e78,0xb0fc0000)
  from space 256K, 12% used [0xb0fc0000,0xb0fc8000,0xb1000000)
  to   space 256K, 0% used [0xb1040000,0xb1040000,0xb1080000)
 ParOldGen       total 78336K, used 68303K [0x932c0000, 0x97f40000, 0xa8800000)
  object space 78336K, 87% used [0x932c0000,0x97573cb0,0x97f40000)
 PSPermGen       total 36096K, used 21377K [0x8b2c0000, 0x8d600000, 0x932c0000)
  object space 36096K, 59% used [0x8b2c0000,0x8c7a0680,0x8d600000)
GC Heap History (10 events):
Event: 15432.052 GC heap before
{Heap before GC invocations=522 (full 5):
 PSYoungGen      total 138752K, used 138528K [0xa8800000, 0xb0fc0000, 0xb32c0000)
  eden space 138496K, 100% used [0xa8800000,0xb0f40000,0xb0f40000)
  from space 256K, 12% used [0xb0f80000,0xb0f88000,0xb0fc0000)
  to   space 256K, 0% used [0xb0f40000,0xb0f40000,0xb0f80000)
 ParOldGen       total 78336K, used 68303K [0x932c0000, 0x97f40000, 0xa8800000)
  object space 78336K, 87% used [0x932c0000,0x97573cb0,0x97f40000)
 PSPermGen       total 36096K, used 21370K [0x8b2c0000, 0x8d600000, 0x932c0000)
  object space 36096K, 59% used [0x8b2c0000,0x8c79e9d0,0x8d600000)
Event: 15432.131 GC heap after
Heap after GC invocations=522 (full 5):
 PSYoungGen      total 138752K, used 0K [0xa8800000, 0xb1000000, 0xb32c0000)
  eden space 138496K, 0% used [0xa8800000,0xa8800000,0xb0f40000)
  from space 256K, 0% used [0xb0f40000,0xb0f40000,0xb0f80000)
  to   space 256K, 0% used [0xb0fc0000,0xb0fc0000,0xb1000000)
 ParOldGen       total 78336K, used 68303K [0x932c0000, 0x97f40000, 0xa8800000)
  object space 78336K, 87% used [0x932c0000,0x97573cb0,0x97f40000)
 PSPermGen       total 36096K, used 21370K [0x8b2c0000, 0x8d600000, 0x932c0000)
  object space 36096K, 59% used [0x8b2c0000,0x8c79e9d0,0x8d600000)
}
Event: 15600.984 GC heap before
{Heap before GC invocations=523 (full 5):
 PSYoungGen      total 138752K, used 138496K [0xa8800000, 0xb1000000, 0xb32c0000)
  eden space 138496K, 100% used [0xa8800000,0xb0f40000,0xb0f40000)
  from space 256K, 0% used [0xb0f40000,0xb0f40000,0xb0f80000)
  to   space 256K, 0% used [0xb0fc0000,0xb0fc0000,0xb1000000)
 ParOldGen       total 78336K, used 68303K [0x932c0000, 0x97f40000, 0xa8800000)
  object space 78336K, 87% used [0x932c0000,0x97573cb0,0x97f40000)
 PSPermGen       total 36096K, used 21370K [0x8b2c0000, 0x8d600000, 0x932c0000)
  object space 36096K, 59% used [0x8b2c0000,0x8c79e9d0,0x8d600000)
Event: 15600.986 GC heap after
Heap after GC invocations=523 (full 5):
 PSYoungGen      total 139008K, used 16K [0xa8800000, 0xb1000000, 0xb32c0000)
  eden space 138752K, 0% used [0xa8800000,0xa8800000,0xb0f80000)
  from space 256K, 6% used [0xb0fc0000,0xb0fc4000,0xb1000000)
  to   space 256K, 0% used [0xb0f80000,0xb0f80000,0xb0fc0000)
 ParOldGen       total 78336K, used 68303K [0x932c0000, 0x97f40000, 0xa8800000)
  object space 78336K, 87% used [0x932c0000,0x97573cb0,0x97f40000)
 PSPermGen       total 36096K, used 21370K [0x8b2c0000, 0x8d600000, 0x932c0000)
  object space 36096K, 59% used [0x8b2c0000,0x8c79e9d0,0x8d600000)
}
Event: 15770.131 GC heap before
{Heap before GC invocations=524 (full 5):
 PSYoungGen      total 139008K, used 138768K [0xa8800000, 0xb1000000, 0xb32c0000)
  eden space 138752K, 100% used [0xa8800000,0xb0f80000,0xb0f80000)
  from space 256K, 6% used [0xb0fc0000,0xb0fc4000,0xb1000000)
  to   space 256K, 0% used [0xb0f80000,0xb0f80000,0xb0fc0000)
 ParOldGen       total 78336K, used 68303K [0x932c0000, 0x97f40000, 0xa8800000)
  object space 78336K, 87% used [0x932c0000,0x97573cb0,0x97f40000)
 PSPermGen       total 36096K, used 21370K [0x8b2c0000, 0x8d600000, 0x932c0000)
  object space 36096K, 59% used [0x8b2c0000,0x8c79e9d0,0x8d600000)
Event: 15770.134 GC heap after
Heap after GC invocations=524 (full 5):
 PSYoungGen      total 139008K, used 48K [0xa8800000, 0xb1040000, 0xb32c0000)
  eden space 138752K, 0% used [0xa8800000,0xa8800000,0xb0f80000)
  from space 256K, 18% used [0xb0f80000,0xb0f8c000,0xb0fc0000)
  to   space 256K, 0% used [0xb1000000,0xb1000000,0xb1040000)
 ParOldGen       total 78336K, used 68303K [0x932c0000, 0x97f40000, 0xa8800000)
  object space 78336K, 87% used [0x932c0000,0x97573cb0,0x97f40000)
 PSPermGen       total 36096K, used 21370K [0x8b2c0000, 0x8d600000, 0x932c0000)
  object space 36096K, 59% used [0x8b2c0000,0x8c79e9d0,0x8d600000)
}
Event: 15939.279 GC heap before
{Heap before GC invocations=525 (full 5):
 PSYoungGen      total 139008K, used 138800K [0xa8800000, 0xb1040000, 0xb32c0000)
  eden space 138752K, 100% used [0xa8800000,0xb0f80000,0xb0f80000)
  from space 256K, 18% used [0xb0f80000,0xb0f8c000,0xb0fc0000)
  to   space 256K, 0% used [0xb1000000,0xb1000000,0xb1040000)
 ParOldGen       total 78336K, used 68303K [0x932c0000, 0x97f40000, 0xa8800000)
  object space 78336K, 87% used [0x932c0000,0x97573cb0,0x97f40000)
 PSPermGen       total 36096K, used 21370K [0x8b2c0000, 0x8d600000, 0x932c0000)
  object space 36096K, 59% used [0x8b2c0000,0x8c79e9d0,0x8d600000)
Event: 15939.282 GC heap after
Heap after GC invocations=525 (full 5):
 PSYoungGen      total 139264K, used 32K [0xa8800000, 0xb1040000, 0xb32c0000)
  eden space 139008K, 0% used [0xa8800000,0xa8800000,0xb0fc0000)
  from space 256K, 12% used [0xb1000000,0xb1008000,0xb1040000)
  to   space 256K, 0% used [0xb0fc0000,0xb0fc0000,0xb1000000)
 ParOldGen       total 78336K, used 68303K [0x932c0000, 0x97f40000, 0xa8800000)
  object space 78336K, 87% used [0x932c0000,0x97573cb0,0x97f40000)
 PSPermGen       total 36096K, used 21370K [0x8b2c0000, 0x8d600000, 0x932c0000)
  object space 36096K, 59% used [0x8b2c0000,0x8c79e9d0,0x8d600000)
}
Event: 16109.111 GC heap before
{Heap before GC invocations=526 (full 5):
 PSYoungGen      total 139264K, used 139040K [0xa8800000, 0xb1040000, 0xb32c0000)
  eden space 139008K, 100% used [0xa8800000,0xb0fc0000,0xb0fc0000)
  from space 256K, 12% used [0xb1000000,0xb1008000,0xb1040000)
  to   space 256K, 0% used [0xb0fc0000,0xb0fc0000,0xb1000000)
 ParOldGen       total 78336K, used 68303K [0x932c0000, 0x97f40000, 0xa8800000)
  object space 78336K, 87% used [0x932c0000,0x97573cb0,0x97f40000)
 PSPermGen       total 36096K, used 21376K [0x8b2c0000, 0x8d600000, 0x932c0000)
  object space 36096K, 59% used [0x8b2c0000,0x8c7a0228,0x8d600000)
Event: 16109.113 GC heap after
Heap after GC invocations=526 (full 5):
 PSYoungGen      total 139264K, used 32K [0xa8800000, 0xb1080000, 0xb32c0000)
  eden space 139008K, 0% used [0xa8800000,0xa8800000,0xb0fc0000)
  from space 256K, 12% used [0xb0fc0000,0xb0fc8000,0xb1000000)
  to   space 256K, 0% used [0xb1040000,0xb1040000,0xb1080000)
 ParOldGen       total 78336K, used 68303K [0x932c0000, 0x97f40000, 0xa8800000)
  object space 78336K, 87% used [0x932c0000,0x97573cb0,0x97f40000)
 PSPermGen       total 36096K, used 21376K [0x8b2c0000, 0x8d600000, 0x932c0000)
  object space 36096K, 59% used [0x8b2c0000,0x8c7a0228,0x8d600000)
}

