# JRE version: OpenJDK Runtime Environment (7.0_55-b14) (build 1.7.0_55-b14)
# Java VM: OpenJDK Server VM (24.51-b03 mixed mode linux-x86 )
Heap
 PSYoungGen      total 16896K, used 4052K [0xa8800000, 0xb2780000, 0xb32c0000)
  eden space 16640K, 24% used [0xa8800000,0xa8be92c0,0xa9840000)
  from space 256K, 18% used [0xb2700000,0xb270c000,0xb2740000)
  to   space 256K, 0% used [0xb2740000,0xb2740000,0xb2780000)
 ParOldGen       total 78336K, used 49910K [0x932c0000, 0x97f40000, 0xa8800000)
  object space 78336K, 63% used [0x932c0000,0x9637da28,0x97f40000)
 PSPermGen       total 31488K, used 24153K [0x8b2c0000, 0x8d180000, 0x932c0000)
  object space 31488K, 76% used [0x8b2c0000,0x8ca567e0,0x8d180000)
GC Heap History (10 events):
Event: 50182.813 GC heap before
{Heap before GC invocations=2647 (full 12):
 PSYoungGen      total 16896K, used 16672K [0xa8800000, 0xb2780000, 0xb32c0000)
  eden space 16640K, 100% used [0xa8800000,0xa9840000,0xa9840000)
  from space 256K, 12% used [0xb2740000,0xb2748000,0xb2780000)
  to   space 256K, 0% used [0xb2700000,0xb2700000,0xb2740000)
 ParOldGen       total 78336K, used 49910K [0x932c0000, 0x97f40000, 0xa8800000)
  object space 78336K, 63% used [0x932c0000,0x9637da28,0x97f40000)
 PSPermGen       total 31488K, used 24147K [0x8b2c0000, 0x8d180000, 0x932c0000)
  object space 31488K, 76% used [0x8b2c0000,0x8ca54f88,0x8d180000)
Event: 50182.816 GC heap after
Heap after GC invocations=2647 (full 12):
 PSYoungGen      total 16896K, used 48K [0xa8800000, 0xb2780000, 0xb32c0000)
  eden space 16640K, 0% used [0xa8800000,0xa8800000,0xa9840000)
  from space 256K, 18% used [0xb2700000,0xb270c000,0xb2740000)
  to   space 256K, 0% used [0xb2740000,0xb2740000,0xb2780000)
 ParOldGen       total 78336K, used 49910K [0x932c0000, 0x97f40000, 0xa8800000)
  object space 78336K, 63% used [0x932c0000,0x9637da28,0x97f40000)
 PSPermGen       total 31488K, used 24147K [0x8b2c0000, 0x8d180000, 0x932c0000)
  object space 31488K, 76% used [0x8b2c0000,0x8ca54f88,0x8d180000)
}
Event: 50203.102 GC heap before
{Heap before GC invocations=2648 (full 12):
 PSYoungGen      total 16896K, used 16688K [0xa8800000, 0xb2780000, 0xb32c0000)
  eden space 16640K, 100% used [0xa8800000,0xa9840000,0xa9840000)
  from space 256K, 18% used [0xb2700000,0xb270c000,0xb2740000)
  to   space 256K, 0% used [0xb2740000,0xb2740000,0xb2780000)
 ParOldGen       total 78336K, used 49910K [0x932c0000, 0x97f40000, 0xa8800000)
  object space 78336K, 63% used [0x932c0000,0x9637da28,0x97f40000)
 PSPermGen       total 31488K, used 24147K [0x8b2c0000, 0x8d180000, 0x932c0000)
  object space 31488K, 76% used [0x8b2c0000,0x8ca54f88,0x8d180000)
Event: 50203.105 GC heap after
Heap after GC invocations=2648 (full 12):
 PSYoungGen      total 16896K, used 32K [0xa8800000, 0xb2780000, 0xb32c0000)
  eden space 16640K, 0% used [0xa8800000,0xa8800000,0xa9840000)
  from space 256K, 12% used [0xb2740000,0xb2748000,0xb2780000)
  to   space 256K, 0% used [0xb2700000,0xb2700000,0xb2740000)
 ParOldGen       total 78336K, used 49910K [0x932c0000, 0x97f40000, 0xa8800000)
  object space 78336K, 63% used [0x932c0000,0x9637da28,0x97f40000)
 PSPermGen       total 31488K, used 24147K [0x8b2c0000, 0x8d180000, 0x932c0000)
  object space 31488K, 76% used [0x8b2c0000,0x8ca54f88,0x8d180000)
}
Event: 50223.395 GC heap before
{Heap before GC invocations=2649 (full 12):
 PSYoungGen      total 16896K, used 16672K [0xa8800000, 0xb2780000, 0xb32c0000)
  eden space 16640K, 100% used [0xa8800000,0xa9840000,0xa9840000)
  from space 256K, 12% used [0xb2740000,0xb2748000,0xb2780000)
  to   space 256K, 0% used [0xb2700000,0xb2700000,0xb2740000)
 ParOldGen       total 78336K, used 49910K [0x932c0000, 0x97f40000, 0xa8800000)
  object space 78336K, 63% used [0x932c0000,0x9637da28,0x97f40000)
 PSPermGen       total 31488K, used 24147K [0x8b2c0000, 0x8d180000, 0x932c0000)
  object space 31488K, 76% used [0x8b2c0000,0x8ca54f88,0x8d180000)
Event: 50223.397 GC heap after
Heap after GC invocations=2649 (full 12):
 PSYoungGen      total 16896K, used 0K [0xa8800000, 0xb2780000, 0xb32c0000)
  eden space 16640K, 0% used [0xa8800000,0xa8800000,0xa9840000)
  from space 256K, 0% used [0xb2700000,0xb2700000,0xb2740000)
  to   space 256K, 0% used [0xb2740000,0xb2740000,0xb2780000)
 ParOldGen       total 78336K, used 49910K [0x932c0000, 0x97f40000, 0xa8800000)
  object space 78336K, 63% used [0x932c0000,0x9637da28,0x97f40000)
 PSPermGen       total 31488K, used 24147K [0x8b2c0000, 0x8d180000, 0x932c0000)
  object space 31488K, 76% used [0x8b2c0000,0x8ca54f88,0x8d180000)
}
Event: 50243.683 GC heap before
{Heap before GC invocations=2650 (full 12):
 PSYoungGen      total 16896K, used 16640K [0xa8800000, 0xb2780000, 0xb32c0000)
  eden space 16640K, 100% used [0xa8800000,0xa9840000,0xa9840000)
  from space 256K, 0% used [0xb2700000,0xb2700000,0xb2740000)
  to   space 256K, 0% used [0xb2740000,0xb2740000,0xb2780000)
 ParOldGen       total 78336K, used 49910K [0x932c0000, 0x97f40000, 0xa8800000)
  object space 78336K, 63% used [0x932c0000,0x9637da28,0x97f40000)
 PSPermGen       total 31488K, used 24147K [0x8b2c0000, 0x8d180000, 0x932c0000)
  object space 31488K, 76% used [0x8b2c0000,0x8ca54f88,0x8d180000)
Event: 50243.686 GC heap after
Heap after GC invocations=2650 (full 12):
 PSYoungGen      total 16896K, used 16K [0xa8800000, 0xb2780000, 0xb32c0000)
  eden space 16640K, 0% used [0xa8800000,0xa8800000,0xa9840000)
  from space 256K, 6% used [0xb2740000,0xb2744000,0xb2780000)
  to   space 256K, 0% used [0xb2700000,0xb2700000,0xb2740000)
 ParOldGen       total 78336K, used 49910K [0x932c0000, 0x97f40000, 0xa8800000)
  object space 78336K, 63% used [0x932c0000,0x9637da28,0x97f40000)
 PSPermGen       total 31488K, used 24147K [0x8b2c0000, 0x8d180000, 0x932c0000)
  object space 31488K, 76% used [0x8b2c0000,0x8ca54f88,0x8d180000)
}
Event: 50265.427 GC heap before
{Heap before GC invocations=2651 (full 12):
 PSYoungGen      total 16896K, used 16656K [0xa8800000, 0xb2780000, 0xb32c0000)
  eden space 16640K, 100% used [0xa8800000,0xa9840000,0xa9840000)
  from space 256K, 6% used [0xb2740000,0xb2744000,0xb2780000)
  to   space 256K, 0% used [0xb2700000,0xb2700000,0xb2740000)
 ParOldGen       total 78336K, used 49910K [0x932c0000, 0x97f40000, 0xa8800000)
  object space 78336K, 63% used [0x932c0000,0x9637da28,0x97f40000)
 PSPermGen       total 31488K, used 24147K [0x8b2c0000, 0x8d180000, 0x932c0000)
  object space 31488K, 76% used [0x8b2c0000,0x8ca54f88,0x8d180000)
Event: 50265.833 GC heap after
Heap after GC invocations=2651 (full 12):
 PSYoungGen      total 16896K, used 48K [0xa8800000, 0xb2780000, 0xb32c0000)
  eden space 16640K, 0% used [0xa8800000,0xa8800000,0xa9840000)
  from space 256K, 18% used [0xb2700000,0xb270c000,0xb2740000)
  to   space 256K, 0% used [0xb2740000,0xb2740000,0xb2780000)
 ParOldGen       total 78336K, used 49910K [0x932c0000, 0x97f40000, 0xa8800000)
  object space 78336K, 63% used [0x932c0000,0x9637da28,0x97f40000)
 PSPermGen       total 31488K, used 24147K [0x8b2c0000, 0x8d180000, 0x932c0000)
  object space 31488K, 76% used [0x8b2c0000,0x8ca54f88,0x8d180000)
}

