# JRE version: OpenJDK Runtime Environment (7.0_55-b14) (build 1.7.0_55-b14)
# Java VM: OpenJDK Server VM (24.51-b03 mixed mode linux-x86 )
Heap
 PSYoungGen      total 13056K, used 2120K [0xa8880000, 0xb2e80000, 0xb3340000)
  eden space 12800K, 16% used [0xa8880000,0xa8a82210,0xa9500000)
  from space 256K, 25% used [0xb2e00000,0xb2e10000,0xb2e40000)
  to   space 256K, 0% used [0xb2e40000,0xb2e40000,0xb2e80000)
 ParOldGen       total 66304K, used 41790K [0x93340000, 0x97400000, 0xa8880000)
  object space 66304K, 63% used [0x93340000,0x95c0fa20,0x97400000)
 PSPermGen       total 39936K, used 22709K [0x8b340000, 0x8da40000, 0x93340000)
  object space 39936K, 56% used [0x8b340000,0x8c96d5b0,0x8da40000)
GC Heap History (10 events):
Event: 22949.423 GC heap before
{Heap before GC invocations=1482 (full 3):
 PSYoungGen      total 13056K, used 12832K [0xa8880000, 0xb2e80000, 0xb3340000)
  eden space 12800K, 100% used [0xa8880000,0xa9500000,0xa9500000)
  from space 256K, 12% used [0xb2e40000,0xb2e48000,0xb2e80000)
  to   space 256K, 0% used [0xb2e00000,0xb2e00000,0xb2e40000)
 ParOldGen       total 66304K, used 41790K [0x93340000, 0x97400000, 0xa8880000)
  object space 66304K, 63% used [0x93340000,0x95c0fa20,0x97400000)
 PSPermGen       total 39936K, used 22693K [0x8b340000, 0x8da40000, 0x93340000)
  object space 39936K, 56% used [0x8b340000,0x8c969640,0x8da40000)
Event: 22949.426 GC heap after
Heap after GC invocations=1482 (full 3):
 PSYoungGen      total 13056K, used 32K [0xa8880000, 0xb2e80000, 0xb3340000)
  eden space 12800K, 0% used [0xa8880000,0xa8880000,0xa9500000)
  from space 256K, 12% used [0xb2e00000,0xb2e08000,0xb2e40000)
  to   space 256K, 0% used [0xb2e40000,0xb2e40000,0xb2e80000)
 ParOldGen       total 66304K, used 41790K [0x93340000, 0x97400000, 0xa8880000)
  object space 66304K, 63% used [0x93340000,0x95c0fa20,0x97400000)
 PSPermGen       total 39936K, used 22693K [0x8b340000, 0x8da40000, 0x93340000)
  object space 39936K, 56% used [0x8b340000,0x8c969640,0x8da40000)
}
Event: 22965.060 GC heap before
{Heap before GC invocations=1483 (full 3):
 PSYoungGen      total 13056K, used 12832K [0xa8880000, 0xb2e80000, 0xb3340000)
  eden space 12800K, 100% used [0xa8880000,0xa9500000,0xa9500000)
  from space 256K, 12% used [0xb2e00000,0xb2e08000,0xb2e40000)
  to   space 256K, 0% used [0xb2e40000,0xb2e40000,0xb2e80000)
 ParOldGen       total 66304K, used 41790K [0x93340000, 0x97400000, 0xa8880000)
  object space 66304K, 63% used [0x93340000,0x95c0fa20,0x97400000)
 PSPermGen       total 39936K, used 22693K [0x8b340000, 0x8da40000, 0x93340000)
  object space 39936K, 56% used [0x8b340000,0x8c969640,0x8da40000)
Event: 22965.062 GC heap after
Heap after GC invocations=1483 (full 3):
 PSYoungGen      total 13056K, used 32K [0xa8880000, 0xb2e80000, 0xb3340000)
  eden space 12800K, 0% used [0xa8880000,0xa8880000,0xa9500000)
  from space 256K, 12% used [0xb2e40000,0xb2e48000,0xb2e80000)
  to   space 256K, 0% used [0xb2e00000,0xb2e00000,0xb2e40000)
 ParOldGen       total 66304K, used 41790K [0x93340000, 0x97400000, 0xa8880000)
  object space 66304K, 63% used [0x93340000,0x95c0fa20,0x97400000)
 PSPermGen       total 39936K, used 22693K [0x8b340000, 0x8da40000, 0x93340000)
  object space 39936K, 56% used [0x8b340000,0x8c969640,0x8da40000)
}
Event: 22980.655 GC heap before
{Heap before GC invocations=1484 (full 3):
 PSYoungGen      total 13056K, used 12832K [0xa8880000, 0xb2e80000, 0xb3340000)
  eden space 12800K, 100% used [0xa8880000,0xa9500000,0xa9500000)
  from space 256K, 12% used [0xb2e40000,0xb2e48000,0xb2e80000)
  to   space 256K, 0% used [0xb2e00000,0xb2e00000,0xb2e40000)
 ParOldGen       total 66304K, used 41790K [0x93340000, 0x97400000, 0xa8880000)
  object space 66304K, 63% used [0x93340000,0x95c0fa20,0x97400000)
 PSPermGen       total 39936K, used 22693K [0x8b340000, 0x8da40000, 0x93340000)
  object space 39936K, 56% used [0x8b340000,0x8c969640,0x8da40000)
Event: 22980.657 GC heap after
Heap after GC invocations=1484 (full 3):
 PSYoungGen      total 13056K, used 32K [0xa8880000, 0xb2e80000, 0xb3340000)
  eden space 12800K, 0% used [0xa8880000,0xa8880000,0xa9500000)
  from space 256K, 12% used [0xb2e00000,0xb2e08000,0xb2e40000)
  to   space 256K, 0% used [0xb2e40000,0xb2e40000,0xb2e80000)
 ParOldGen       total 66304K, used 41790K [0x93340000, 0x97400000, 0xa8880000)
  object space 66304K, 63% used [0x93340000,0x95c0fa20,0x97400000)
 PSPermGen       total 39936K, used 22693K [0x8b340000, 0x8da40000, 0x93340000)
  object space 39936K, 56% used [0x8b340000,0x8c969640,0x8da40000)
}
Event: 22997.103 GC heap before
{Heap before GC invocations=1485 (full 3):
 PSYoungGen      total 13056K, used 12832K [0xa8880000, 0xb2e80000, 0xb3340000)
  eden space 12800K, 100% used [0xa8880000,0xa9500000,0xa9500000)
  from space 256K, 12% used [0xb2e00000,0xb2e08000,0xb2e40000)
  to   space 256K, 0% used [0xb2e40000,0xb2e40000,0xb2e80000)
 ParOldGen       total 66304K, used 41790K [0x93340000, 0x97400000, 0xa8880000)
  object space 66304K, 63% used [0x93340000,0x95c0fa20,0x97400000)
 PSPermGen       total 39936K, used 22693K [0x8b340000, 0x8da40000, 0x93340000)
  object space 39936K, 56% used [0x8b340000,0x8c969640,0x8da40000)
Event: 22997.200 GC heap after
Heap after GC invocations=1485 (full 3):
 PSYoungGen      total 13056K, used 48K [0xa8880000, 0xb2e80000, 0xb3340000)
  eden space 12800K, 0% used [0xa8880000,0xa8880000,0xa9500000)
  from space 256K, 18% used [0xb2e40000,0xb2e4c000,0xb2e80000)
  to   space 256K, 0% used [0xb2e00000,0xb2e00000,0xb2e40000)
 ParOldGen       total 66304K, used 41790K [0x93340000, 0x97400000, 0xa8880000)
  object space 66304K, 63% used [0x93340000,0x95c0fa20,0x97400000)
 PSPermGen       total 39936K, used 22693K [0x8b340000, 0x8da40000, 0x93340000)
  object space 39936K, 56% used [0x8b340000,0x8c969640,0x8da40000)
}
Event: 23012.231 GC heap before
{Heap before GC invocations=1486 (full 3):
 PSYoungGen      total 13056K, used 12848K [0xa8880000, 0xb2e80000, 0xb3340000)
  eden space 12800K, 100% used [0xa8880000,0xa9500000,0xa9500000)
  from space 256K, 18% used [0xb2e40000,0xb2e4c000,0xb2e80000)
  to   space 256K, 0% used [0xb2e00000,0xb2e00000,0xb2e40000)
 ParOldGen       total 66304K, used 41790K [0x93340000, 0x97400000, 0xa8880000)
  object space 66304K, 63% used [0x93340000,0x95c0fa20,0x97400000)
 PSPermGen       total 39936K, used 22709K [0x8b340000, 0x8da40000, 0x93340000)
  object space 39936K, 56% used [0x8b340000,0x8c96d5b0,0x8da40000)
Event: 23012.267 GC heap after
Heap after GC invocations=1486 (full 3):
 PSYoungGen      total 13056K, used 64K [0xa8880000, 0xb2e80000, 0xb3340000)
  eden space 12800K, 0% used [0xa8880000,0xa8880000,0xa9500000)
  from space 256K, 25% used [0xb2e00000,0xb2e10000,0xb2e40000)
  to   space 256K, 0% used [0xb2e40000,0xb2e40000,0xb2e80000)
 ParOldGen       total 66304K, used 41790K [0x93340000, 0x97400000, 0xa8880000)
  object space 66304K, 63% used [0x93340000,0x95c0fa20,0x97400000)
 PSPermGen       total 39936K, used 22709K [0x8b340000, 0x8da40000, 0x93340000)
  object space 39936K, 56% used [0x8b340000,0x8c96d5b0,0x8da40000)
}

