# JRE version: OpenJDK Runtime Environment (7.0_55-b14) (build 1.7.0_55-b14)
# Java VM: OpenJDK Server VM (24.51-b03 mixed mode linux-x86 )
Heap
 PSYoungGen      total 14848K, used 2543K [0xa8780000, 0xb30c0000, 0xb3240000)
  eden space 14592K, 17% used [0xa8780000,0xa89efca8,0xa95c0000)
  from space 256K, 18% used [0xb3040000,0xb304c000,0xb3080000)
  to   space 256K, 0% used [0xb3080000,0xb3080000,0xb30c0000)
 ParOldGen       total 75776K, used 56305K [0x93240000, 0x97c40000, 0xa8780000)
  object space 75776K, 74% used [0x93240000,0x9693c6b8,0x97c40000)
 PSPermGen       total 44288K, used 28840K [0x8b240000, 0x8dd80000, 0x93240000)
  object space 44288K, 65% used [0x8b240000,0x8ce6a398,0x8dd80000)
GC Heap History (10 events):
Event: 47800.386 GC heap before
{Heap before GC invocations=2506 (full 3):
 PSYoungGen      total 14080K, used 13856K [0xa8780000, 0xb30c0000, 0xb3240000)
  eden space 13824K, 100% used [0xa8780000,0xa9500000,0xa9500000)
  from space 256K, 12% used [0xb3080000,0xb3088000,0xb30c0000)
  to   space 256K, 0% used [0xb3040000,0xb3040000,0xb3080000)
 ParOldGen       total 75776K, used 56305K [0x93240000, 0x97c40000, 0xa8780000)
  object space 75776K, 74% used [0x93240000,0x9693c6b8,0x97c40000)
 PSPermGen       total 44288K, used 28832K [0x8b240000, 0x8dd80000, 0x93240000)
  object space 44288K, 65% used [0x8b240000,0x8ce68098,0x8dd80000)
Event: 47800.390 GC heap after
Heap after GC invocations=2506 (full 3):
 PSYoungGen      total 14080K, used 32K [0xa8780000, 0xb30c0000, 0xb3240000)
  eden space 13824K, 0% used [0xa8780000,0xa8780000,0xa9500000)
  from space 256K, 12% used [0xb3040000,0xb3048000,0xb3080000)
  to   space 256K, 0% used [0xb3080000,0xb3080000,0xb30c0000)
 ParOldGen       total 75776K, used 56305K [0x93240000, 0x97c40000, 0xa8780000)
  object space 75776K, 74% used [0x93240000,0x9693c6b8,0x97c40000)
 PSPermGen       total 44288K, used 28832K [0x8b240000, 0x8dd80000, 0x93240000)
  object space 44288K, 65% used [0x8b240000,0x8ce68098,0x8dd80000)
}
Event: 47817.169 GC heap before
{Heap before GC invocations=2507 (full 3):
 PSYoungGen      total 14080K, used 13856K [0xa8780000, 0xb30c0000, 0xb3240000)
  eden space 13824K, 100% used [0xa8780000,0xa9500000,0xa9500000)
  from space 256K, 12% used [0xb3040000,0xb3048000,0xb3080000)
  to   space 256K, 0% used [0xb3080000,0xb3080000,0xb30c0000)
 ParOldGen       total 75776K, used 56305K [0x93240000, 0x97c40000, 0xa8780000)
  object space 75776K, 74% used [0x93240000,0x9693c6b8,0x97c40000)
 PSPermGen       total 44288K, used 28832K [0x8b240000, 0x8dd80000, 0x93240000)
  object space 44288K, 65% used [0x8b240000,0x8ce68098,0x8dd80000)
Event: 47817.173 GC heap after
Heap after GC invocations=2507 (full 3):
 PSYoungGen      total 14080K, used 32K [0xa8780000, 0xb30c0000, 0xb3240000)
  eden space 13824K, 0% used [0xa8780000,0xa8780000,0xa9500000)
  from space 256K, 12% used [0xb3080000,0xb3088000,0xb30c0000)
  to   space 256K, 0% used [0xb3040000,0xb3040000,0xb3080000)
 ParOldGen       total 75776K, used 56305K [0x93240000, 0x97c40000, 0xa8780000)
  object space 75776K, 74% used [0x93240000,0x9693c6b8,0x97c40000)
 PSPermGen       total 44288K, used 28832K [0x8b240000, 0x8dd80000, 0x93240000)
  object space 44288K, 65% used [0x8b240000,0x8ce68098,0x8dd80000)
}
Event: 47833.943 GC heap before
{Heap before GC invocations=2508 (full 3):
 PSYoungGen      total 14080K, used 13856K [0xa8780000, 0xb30c0000, 0xb3240000)
  eden space 13824K, 100% used [0xa8780000,0xa9500000,0xa9500000)
  from space 256K, 12% used [0xb3080000,0xb3088000,0xb30c0000)
  to   space 256K, 0% used [0xb3040000,0xb3040000,0xb3080000)
 ParOldGen       total 75776K, used 56305K [0x93240000, 0x97c40000, 0xa8780000)
  object space 75776K, 74% used [0x93240000,0x9693c6b8,0x97c40000)
 PSPermGen       total 44288K, used 28832K [0x8b240000, 0x8dd80000, 0x93240000)
  object space 44288K, 65% used [0x8b240000,0x8ce68098,0x8dd80000)
Event: 47833.947 GC heap after
Heap after GC invocations=2508 (full 3):
 PSYoungGen      total 14080K, used 32K [0xa8780000, 0xb30c0000, 0xb3240000)
  eden space 13824K, 0% used [0xa8780000,0xa8780000,0xa9500000)
  from space 256K, 12% used [0xb3040000,0xb3048000,0xb3080000)
  to   space 256K, 0% used [0xb3080000,0xb3080000,0xb30c0000)
 ParOldGen       total 75776K, used 56305K [0x93240000, 0x97c40000, 0xa8780000)
  object space 75776K, 74% used [0x93240000,0x9693c6b8,0x97c40000)
 PSPermGen       total 44288K, used 28832K [0x8b240000, 0x8dd80000, 0x93240000)
  object space 44288K, 65% used [0x8b240000,0x8ce68098,0x8dd80000)
}
Event: 47850.726 GC heap before
{Heap before GC invocations=2509 (full 3):
 PSYoungGen      total 14080K, used 13856K [0xa8780000, 0xb30c0000, 0xb3240000)
  eden space 13824K, 100% used [0xa8780000,0xa9500000,0xa9500000)
  from space 256K, 12% used [0xb3040000,0xb3048000,0xb3080000)
  to   space 256K, 0% used [0xb3080000,0xb3080000,0xb30c0000)
 ParOldGen       total 75776K, used 56305K [0x93240000, 0x97c40000, 0xa8780000)
  object space 75776K, 74% used [0x93240000,0x9693c6b8,0x97c40000)
 PSPermGen       total 44288K, used 28832K [0x8b240000, 0x8dd80000, 0x93240000)
  object space 44288K, 65% used [0x8b240000,0x8ce68098,0x8dd80000)
Event: 47850.730 GC heap after
Heap after GC invocations=2509 (full 3):
 PSYoungGen      total 14080K, used 32K [0xa8780000, 0xb30c0000, 0xb3240000)
  eden space 13824K, 0% used [0xa8780000,0xa8780000,0xa9500000)
  from space 256K, 12% used [0xb3080000,0xb3088000,0xb30c0000)
  to   space 256K, 0% used [0xb3040000,0xb3040000,0xb3080000)
 ParOldGen       total 75776K, used 56305K [0x93240000, 0x97c40000, 0xa8780000)
  object space 75776K, 74% used [0x93240000,0x9693c6b8,0x97c40000)
 PSPermGen       total 44288K, used 28832K [0x8b240000, 0x8dd80000, 0x93240000)
  object space 44288K, 65% used [0x8b240000,0x8ce68098,0x8dd80000)
}
Event: 47871.311 GC heap before
{Heap before GC invocations=2510 (full 3):
 PSYoungGen      total 14080K, used 13856K [0xa8780000, 0xb30c0000, 0xb3240000)
  eden space 13824K, 100% used [0xa8780000,0xa9500000,0xa9500000)
  from space 256K, 12% used [0xb3080000,0xb3088000,0xb30c0000)
  to   space 256K, 0% used [0xb3040000,0xb3040000,0xb3080000)
 ParOldGen       total 75776K, used 56305K [0x93240000, 0x97c40000, 0xa8780000)
  object space 75776K, 74% used [0x93240000,0x9693c6b8,0x97c40000)
 PSPermGen       total 44288K, used 28833K [0x8b240000, 0x8dd80000, 0x93240000)
  object space 44288K, 65% used [0x8b240000,0x8ce68478,0x8dd80000)
Event: 47872.757 GC heap after
Heap after GC invocations=2510 (full 3):
 PSYoungGen      total 14848K, used 48K [0xa8780000, 0xb30c0000, 0xb3240000)
  eden space 14592K, 0% used [0xa8780000,0xa8780000,0xa95c0000)
  from space 256K, 18% used [0xb3040000,0xb304c000,0xb3080000)
  to   space 256K, 0% used [0xb3080000,0xb3080000,0xb30c0000)
 ParOldGen       total 75776K, used 56305K [0x93240000, 0x97c40000, 0xa8780000)
  object space 75776K, 74% used [0x93240000,0x9693c6b8,0x97c40000)
 PSPermGen       total 44288K, used 28833K [0x8b240000, 0x8dd80000, 0x93240000)
  object space 44288K, 65% used [0x8b240000,0x8ce68478,0x8dd80000)
}

