# JRE version: OpenJDK Runtime Environment (7.0_55-b14) (build 1.7.0_55-b14)
# Java VM: OpenJDK Server VM (24.51-b03 mixed mode linux-x86 )
Heap
 PSYoungGen      total 18432K, used 760K [0xa8800000, 0xb26c0000, 0xb32c0000)
  eden space 18176K, 4% used [0xa8800000,0xa88b61b8,0xa99c0000)
  from space 256K, 12% used [0xb2680000,0xb2688000,0xb26c0000)
  to   space 256K, 0% used [0xb2640000,0xb2640000,0xb2680000)
 ParOldGen       total 87040K, used 53515K [0x932c0000, 0x987c0000, 0xa8800000)
  object space 87040K, 61% used [0x932c0000,0x96702eb0,0x987c0000)
 PSPermGen       total 35328K, used 23402K [0x8b2c0000, 0x8d540000, 0x932c0000)
  object space 35328K, 66% used [0x8b2c0000,0x8c99a8c8,0x8d540000)
GC Heap History (10 events):
Event: 19750.223 GC heap before
{Heap before GC invocations=1069 (full 8):
 PSYoungGen      total 18432K, used 18208K [0xa8800000, 0xb26c0000, 0xb32c0000)
  eden space 18176K, 100% used [0xa8800000,0xa99c0000,0xa99c0000)
  from space 256K, 12% used [0xb2680000,0xb2688000,0xb26c0000)
  to   space 256K, 0% used [0xb2640000,0xb2640000,0xb2680000)
 ParOldGen       total 87040K, used 53515K [0x932c0000, 0x987c0000, 0xa8800000)
  object space 87040K, 61% used [0x932c0000,0x96702eb0,0x987c0000)
 PSPermGen       total 35328K, used 23396K [0x8b2c0000, 0x8d540000, 0x932c0000)
  object space 35328K, 66% used [0x8b2c0000,0x8c999070,0x8d540000)
Event: 19750.226 GC heap after
Heap after GC invocations=1069 (full 8):
 PSYoungGen      total 18432K, used 32K [0xa8800000, 0xb26c0000, 0xb32c0000)
  eden space 18176K, 0% used [0xa8800000,0xa8800000,0xa99c0000)
  from space 256K, 12% used [0xb2640000,0xb2648000,0xb2680000)
  to   space 256K, 0% used [0xb2680000,0xb2680000,0xb26c0000)
 ParOldGen       total 87040K, used 53515K [0x932c0000, 0x987c0000, 0xa8800000)
  object space 87040K, 61% used [0x932c0000,0x96702eb0,0x987c0000)
 PSPermGen       total 35328K, used 23396K [0x8b2c0000, 0x8d540000, 0x932c0000)
  object space 35328K, 66% used [0x8b2c0000,0x8c999070,0x8d540000)
}
Event: 19772.400 GC heap before
{Heap before GC invocations=1070 (full 8):
 PSYoungGen      total 18432K, used 18208K [0xa8800000, 0xb26c0000, 0xb32c0000)
  eden space 18176K, 100% used [0xa8800000,0xa99c0000,0xa99c0000)
  from space 256K, 12% used [0xb2640000,0xb2648000,0xb2680000)
  to   space 256K, 0% used [0xb2680000,0xb2680000,0xb26c0000)
 ParOldGen       total 87040K, used 53515K [0x932c0000, 0x987c0000, 0xa8800000)
  object space 87040K, 61% used [0x932c0000,0x96702eb0,0x987c0000)
 PSPermGen       total 35328K, used 23396K [0x8b2c0000, 0x8d540000, 0x932c0000)
  object space 35328K, 66% used [0x8b2c0000,0x8c999070,0x8d540000)
Event: 19772.404 GC heap after
Heap after GC invocations=1070 (full 8):
 PSYoungGen      total 18432K, used 16K [0xa8800000, 0xb26c0000, 0xb32c0000)
  eden space 18176K, 0% used [0xa8800000,0xa8800000,0xa99c0000)
  from space 256K, 6% used [0xb2680000,0xb2684000,0xb26c0000)
  to   space 256K, 0% used [0xb2640000,0xb2640000,0xb2680000)
 ParOldGen       total 87040K, used 53515K [0x932c0000, 0x987c0000, 0xa8800000)
  object space 87040K, 61% used [0x932c0000,0x96702eb0,0x987c0000)
 PSPermGen       total 35328K, used 23396K [0x8b2c0000, 0x8d540000, 0x932c0000)
  object space 35328K, 66% used [0x8b2c0000,0x8c999070,0x8d540000)
}
Event: 19794.550 GC heap before
{Heap before GC invocations=1071 (full 8):
 PSYoungGen      total 18432K, used 18192K [0xa8800000, 0xb26c0000, 0xb32c0000)
  eden space 18176K, 100% used [0xa8800000,0xa99c0000,0xa99c0000)
  from space 256K, 6% used [0xb2680000,0xb2684000,0xb26c0000)
  to   space 256K, 0% used [0xb2640000,0xb2640000,0xb2680000)
 ParOldGen       total 87040K, used 53515K [0x932c0000, 0x987c0000, 0xa8800000)
  object space 87040K, 61% used [0x932c0000,0x96702eb0,0x987c0000)
 PSPermGen       total 35328K, used 23396K [0x8b2c0000, 0x8d540000, 0x932c0000)
  object space 35328K, 66% used [0x8b2c0000,0x8c999070,0x8d540000)
Event: 19794.553 GC heap after
Heap after GC invocations=1071 (full 8):
 PSYoungGen      total 18432K, used 32K [0xa8800000, 0xb26c0000, 0xb32c0000)
  eden space 18176K, 0% used [0xa8800000,0xa8800000,0xa99c0000)
  from space 256K, 12% used [0xb2640000,0xb2648000,0xb2680000)
  to   space 256K, 0% used [0xb2680000,0xb2680000,0xb26c0000)
 ParOldGen       total 87040K, used 53515K [0x932c0000, 0x987c0000, 0xa8800000)
  object space 87040K, 61% used [0x932c0000,0x96702eb0,0x987c0000)
 PSPermGen       total 35328K, used 23396K [0x8b2c0000, 0x8d540000, 0x932c0000)
  object space 35328K, 66% used [0x8b2c0000,0x8c999070,0x8d540000)
}
Event: 19816.726 GC heap before
{Heap before GC invocations=1072 (full 8):
 PSYoungGen      total 18432K, used 18208K [0xa8800000, 0xb26c0000, 0xb32c0000)
  eden space 18176K, 100% used [0xa8800000,0xa99c0000,0xa99c0000)
  from space 256K, 12% used [0xb2640000,0xb2648000,0xb2680000)
  to   space 256K, 0% used [0xb2680000,0xb2680000,0xb26c0000)
 ParOldGen       total 87040K, used 53515K [0x932c0000, 0x987c0000, 0xa8800000)
  object space 87040K, 61% used [0x932c0000,0x96702eb0,0x987c0000)
 PSPermGen       total 35328K, used 23396K [0x8b2c0000, 0x8d540000, 0x932c0000)
  object space 35328K, 66% used [0x8b2c0000,0x8c999070,0x8d540000)
Event: 19816.729 GC heap after
Heap after GC invocations=1072 (full 8):
 PSYoungGen      total 18432K, used 16K [0xa8800000, 0xb26c0000, 0xb32c0000)
  eden space 18176K, 0% used [0xa8800000,0xa8800000,0xa99c0000)
  from space 256K, 6% used [0xb2680000,0xb2684000,0xb26c0000)
  to   space 256K, 0% used [0xb2640000,0xb2640000,0xb2680000)
 ParOldGen       total 87040K, used 53515K [0x932c0000, 0x987c0000, 0xa8800000)
  object space 87040K, 61% used [0x932c0000,0x96702eb0,0x987c0000)
 PSPermGen       total 35328K, used 23396K [0x8b2c0000, 0x8d540000, 0x932c0000)
  object space 35328K, 66% used [0x8b2c0000,0x8c999070,0x8d540000)
}
Event: 19838.877 GC heap before
{Heap before GC invocations=1073 (full 8):
 PSYoungGen      total 18432K, used 18192K [0xa8800000, 0xb26c0000, 0xb32c0000)
  eden space 18176K, 100% used [0xa8800000,0xa99c0000,0xa99c0000)
  from space 256K, 6% used [0xb2680000,0xb2684000,0xb26c0000)
  to   space 256K, 0% used [0xb2640000,0xb2640000,0xb2680000)
 ParOldGen       total 87040K, used 53515K [0x932c0000, 0x987c0000, 0xa8800000)
  object space 87040K, 61% used [0x932c0000,0x96702eb0,0x987c0000)
 PSPermGen       total 35328K, used 23396K [0x8b2c0000, 0x8d540000, 0x932c0000)
  object space 35328K, 66% used [0x8b2c0000,0x8c999070,0x8d540000)
Event: 19838.880 GC heap after
Heap after GC invocations=1073 (full 8):
 PSYoungGen      total 18432K, used 16K [0xa8800000, 0xb26c0000, 0xb32c0000)
  eden space 18176K, 0% used [0xa8800000,0xa8800000,0xa99c0000)
  from space 256K, 6% used [0xb2640000,0xb2644000,0xb2680000)
  to   space 256K, 0% used [0xb2680000,0xb2680000,0xb26c0000)
 ParOldGen       total 87040K, used 53515K [0x932c0000, 0x987c0000, 0xa8800000)
  object space 87040K, 61% used [0x932c0000,0x96702eb0,0x987c0000)
 PSPermGen       total 35328K, used 23396K [0x8b2c0000, 0x8d540000, 0x932c0000)
  object space 35328K, 66% used [0x8b2c0000,0x8c999070,0x8d540000)
}

